Using pre-set license
Built from '2021.2/release' branch; Version is '2021.2.0f1 (4bf1ec4b23c9) revision 4977132'; Using compiler version '192829333'; Build Type 'Release'
OS: 'Windows 10 Home Single Language; OS build 22000.795; Version 2009; 64bit' Language: 'pt' Physical Memory: 16046 MB
BatchMode: 1, IsHumanControllingUs: 0, StartBugReporterOnCrash: 0, Is64bit: 1, IsPro: 0

COMMAND LINE ARGUMENTS:
C:\Program Files\Unity\Hub\Editor\2021.2.0f1\Editor\Unity.exe
-adb2
-batchMode
-noUpm
-name
AssetImportWorker0
-projectPath
E:/15.GitHub/Expo/Expo
-logFile
Logs/AssetImportWorker0.log
-srvPort
60832
Successfully changed project path to: E:/15.GitHub/Expo/Expo
E:/15.GitHub/Expo/Expo
[UnityMemory] Configuration Parameters - Can be set up in boot.config
    "memorysetup-bucket-allocator-granularity=16"
    "memorysetup-bucket-allocator-bucket-count=8"
    "memorysetup-bucket-allocator-block-size=33554432"
    "memorysetup-bucket-allocator-block-count=8"
    "memorysetup-main-allocator-block-size=16777216"
    "memorysetup-thread-allocator-block-size=16777216"
    "memorysetup-gfx-main-allocator-block-size=16777216"
    "memorysetup-gfx-thread-allocator-block-size=16777216"
    "memorysetup-cache-allocator-block-size=4194304"
    "memorysetup-typetree-allocator-block-size=2097152"
    "memorysetup-profiler-bucket-allocator-granularity=16"
    "memorysetup-profiler-bucket-allocator-bucket-count=8"
    "memorysetup-profiler-bucket-allocator-block-size=33554432"
    "memorysetup-profiler-bucket-allocator-block-count=8"
    "memorysetup-profiler-allocator-block-size=16777216"
    "memorysetup-profiler-editor-allocator-block-size=1048576"
    "memorysetup-temp-allocator-size-main=16777216"
    "memorysetup-job-temp-allocator-block-size=2097152"
    "memorysetup-job-temp-allocator-block-size-background=1048576"
    "memorysetup-job-temp-allocator-reduction-small-platforms=262144"
    "memorysetup-temp-allocator-size-background-worker=32768"
    "memorysetup-temp-allocator-size-job-worker=262144"
    "memorysetup-temp-allocator-size-preload-manager=33554432"
    "memorysetup-temp-allocator-size-nav-mesh-worker=65536"
    "memorysetup-temp-allocator-size-audio-worker=65536"
    "memorysetup-temp-allocator-size-cloud-worker=32768"
    "memorysetup-temp-allocator-size-gi-baking-worker=262144"
    "memorysetup-temp-allocator-size-gfx=262144"
Refreshing native plugins compatible for Editor in 85.14 ms, found 3 plugins.
Preloading 0 native plugins for Editor in 0.00 ms.
Initialize engine version: 2021.2.0f1 (4bf1ec4b23c9)
[Subsystems] Discovering subsystems at path C:/Program Files/Unity/Hub/Editor/2021.2.0f1/Editor/Data/Resources/UnitySubsystems
[Subsystems] Discovering subsystems at path E:/15.GitHub/Expo/Expo/Assets
GfxDevice: creating device client; threaded=0; jobified=0
Direct3D:
    Version:  Direct3D 11.0 [level 11.1]
    Renderer: NVIDIA GeForce RTX 3060 (ID=0x2504)
    Vendor:   NVIDIA
    VRAM:     12142 MB
    Driver:   30.0.15.1277
Initialize mono
Mono path[0] = 'C:/Program Files/Unity/Hub/Editor/2021.2.0f1/Editor/Data/Managed'
Mono path[1] = 'C:/Program Files/Unity/Hub/Editor/2021.2.0f1/Editor/Data/MonoBleedingEdge/lib/mono/unityjit-win32'
Mono config path = 'C:/Program Files/Unity/Hub/Editor/2021.2.0f1/Editor/Data/MonoBleedingEdge/etc'
Using monoOptions --debugger-agent=transport=dt_socket,embedding=1,server=y,suspend=n,address=127.0.0.1:56084
Begin MonoManager ReloadAssembly
Registering precompiled unity dll's ...
Register platform support module: C:/Program Files/Unity/Hub/Editor/2021.2.0f1/Editor/Data/PlaybackEngines/WebGLSupport/UnityEditor.WebGL.Extensions.dll
Register platform support module: C:/Program Files/Unity/Hub/Editor/2021.2.0f1/Editor/Data/PlaybackEngines/WindowsStandaloneSupport/UnityEditor.WindowsStandalone.Extensions.dll
Registered in 0.006598 seconds.
Native extension for WindowsStandalone target not found
Native extension for WebGL target not found
Refreshing native plugins compatible for Editor in 83.09 ms, found 3 plugins.
Preloading 0 native plugins for Editor in 0.00 ms.
Mono: successfully reloaded assembly
- Completed reload, in  1.163 seconds
Domain Reload Profiling:
	ReloadAssembly (1164ms)
		BeginReloadAssembly (65ms)
			ExecutionOrderSort (0ms)
			DisableScriptedObjects (0ms)
			BackupInstance (0ms)
			ReleaseScriptingObjects (0ms)
			CreateAndSetChildDomain (1ms)
		EndReloadAssembly (406ms)
			LoadAssemblies (63ms)
			RebuildTransferFunctionScriptingTraits (0ms)
			SetupTypeCache (92ms)
			ReleaseScriptCaches (0ms)
			RebuildScriptCaches (25ms)
			SetupLoadedEditorAssemblies (243ms)
				LogAssemblyErrors (0ms)
				InitializePlatformSupportModulesInManaged (9ms)
				SetLoadedEditorAssemblies (0ms)
				RefreshPlugins (83ms)
				BeforeProcessingInitializeOnLoad (1ms)
				ProcessInitializeOnLoadAttributes (104ms)
				ProcessInitializeOnLoadMethodAttributes (46ms)
				AfterProcessingInitializeOnLoad (0ms)
				EditorAssembliesLoaded (0ms)
			ExecutionOrderSort2 (0ms)
			AwakeInstancesAfterBackupRestoration (0ms)
Platform modules already initialized, skipping
Registering precompiled user dll's ...
Registered in 0.006016 seconds.
Begin MonoManager ReloadAssembly
Symbol file LoadedFromMemory doesn't match image E:\15.GitHub\Expo\Expo\Library\PackageCache\com.unity.visualscripting@1.7.6\Editor\VisualScripting.Core\Dependencies\YamlDotNet\Unity.VisualScripting.YamlDotNet.dll
Symbol file LoadedFromMemory doesn't match image E:\15.GitHub\Expo\Expo\Library\PackageCache\com.unity.visualscripting@1.7.6\Editor\VisualScripting.Core\Dependencies\DotNetZip\Unity.VisualScripting.IonicZip.dll
Native extension for WindowsStandalone target not found
Native extension for WebGL target not found
Refreshing native plugins compatible for Editor in 84.27 ms, found 3 plugins.
Preloading 0 native plugins for Editor in 0.00 ms.
Mono: successfully reloaded assembly
- Completed reload, in  1.587 seconds
Domain Reload Profiling:
	ReloadAssembly (1587ms)
		BeginReloadAssembly (164ms)
			ExecutionOrderSort (0ms)
			DisableScriptedObjects (5ms)
			BackupInstance (0ms)
			ReleaseScriptingObjects (0ms)
			CreateAndSetChildDomain (22ms)
		EndReloadAssembly (1336ms)
			LoadAssemblies (72ms)
			RebuildTransferFunctionScriptingTraits (0ms)
			SetupTypeCache (227ms)
			ReleaseScriptCaches (1ms)
			RebuildScriptCaches (48ms)
			SetupLoadedEditorAssemblies (893ms)
				LogAssemblyErrors (0ms)
				InitializePlatformSupportModulesInManaged (10ms)
				SetLoadedEditorAssemblies (0ms)
				RefreshPlugins (84ms)
				BeforeProcessingInitializeOnLoad (81ms)
				ProcessInitializeOnLoadAttributes (645ms)
				ProcessInitializeOnLoadMethodAttributes (66ms)
				AfterProcessingInitializeOnLoad (8ms)
				EditorAssembliesLoaded (0ms)
			ExecutionOrderSort2 (0ms)
			AwakeInstancesAfterBackupRestoration (6ms)
Platform modules already initialized, skipping
========================================================================
Worker process is ready to serve import requests
Launched and connected shader compiler UnityShaderCompiler.exe after 0.04 seconds
Refreshing native plugins compatible for Editor in 0.79 ms, found 3 plugins.
Preloading 0 native plugins for Editor in 0.00 ms.
Unloading 4917 Unused Serialized files (Serialized files now loaded: 0)
Unloading 32 unused Assets / (0.7 MB). Loaded Objects now: 5388.
Memory consumption went from 209.7 MB to 209.1 MB.
Total: 3.512300 ms (FindLiveObjects: 0.390300 ms CreateObjectMapping: 0.394400 ms MarkObjects: 2.467800 ms  DeleteObjects: 0.258800 ms)

AssetImportParameters requested are different than current active one (requested -> active):
  custom:video-decoder-ogg-theora: a1e56fd34408186e4bbccfd4996cb3dc -> 
  custom:container-muxer-webm: aa71ff27fc2769a1b78a27578f13a17b -> 
  custom:container-demuxer-webm: 4f35f7cbe854078d1ac9338744f61a02 -> 
  custom:video-encoder-webm-vp8: eb34c28f22e8b96e1ab97ce403110664 -> 
  custom:video-codec-MediaFoundation-h265: 746d11721c4dcdbdad8f713fa42b33f4 -> 
  custom:audio-encoder-webm-vorbis: bf7c407c2cedff20999df2af8eb42d56 -> 
  custom:framework-win-MediaFoundation: 216162199b28c13a410421893ffa2e32 -> 
  custom:container-demuxer-ogg: 62fdf1f143b41e24485cea50d1cbac27 -> 
  custom:video-decoder-webm-vp8: 9c59270c3fd7afecdb556c50c9e8de78 -> 
  custom:audio-decoder-ogg-vorbis: bf7c407c2cedff20999df2af8eb42d56 -> 
========================================================================
Received Import Request.
  Time since last request: 61343.822995 seconds.
  path: Assets/Model/FBX/Nave_R3/Nave4.fbx
  artifactKey: Guid(52a9b26bed1c4ad408996de12cb8eb7f) Importer(815301076,1909f56bfc062723c751e8b465ee728b)
Start importing Assets/Model/FBX/Nave_R3/Nave4.fbx using Guid(52a9b26bed1c4ad408996de12cb8eb7f) Importer(815301076,1909f56bfc062723c751e8b465ee728b)  -> (artifact id: 'ecb4b36d15fe8a08f1aa31faa74c8c67') in 0.516237 seconds 
========================================================================
Received Import Request.
  Time since last request: 120.433063 seconds.
  path: Assets/Model/FBX/Nave_R3/Nave4.fbx
  artifactKey: Guid(52a9b26bed1c4ad408996de12cb8eb7f) Importer(815301076,1909f56bfc062723c751e8b465ee728b)
Start importing Assets/Model/FBX/Nave_R3/Nave4.fbx using Guid(52a9b26bed1c4ad408996de12cb8eb7f) Importer(815301076,1909f56bfc062723c751e8b465ee728b)  -> (artifact id: '3af505d99f6f0b4394e5e9f5ed685cf2') in 0.289431 seconds 
========================================================================
Received Import Request.
  Time since last request: 8.003189 seconds.
  path: Assets/Model/FBX/Nave_R3/Textures
  artifactKey: Guid(23fd367e2fc91234abbc83ece3c75916) Importer(815301076,1909f56bfc062723c751e8b465ee728b)
Start importing Assets/Model/FBX/Nave_R3/Textures using Guid(23fd367e2fc91234abbc83ece3c75916) Importer(815301076,1909f56bfc062723c751e8b465ee728b)  -> (artifact id: '457816c41c405a77a033ebb5e4823054') in 0.001313 seconds 
========================================================================
Received Import Request.
  Time since last request: 0.584235 seconds.
  path: Assets/Model/FBX/Nave_R3/Textures 1
  artifactKey: Guid(415f65a96cab6fd489d490a5caf50ece) Importer(815301076,1909f56bfc062723c751e8b465ee728b)
Start importing Assets/Model/FBX/Nave_R3/Textures 1 using Guid(415f65a96cab6fd489d490a5caf50ece) Importer(815301076,1909f56bfc062723c751e8b465ee728b)  -> (artifact id: '260551897e927e657a88c6384a4b7b32') in 0.001089 seconds 
========================================================================
Received Import Request.
  Time since last request: 1.810601 seconds.
  path: Assets/Model/FBX/Nave_R3/Materials
  artifactKey: Guid(415f65a96cab6fd489d490a5caf50ece) Importer(815301076,1909f56bfc062723c751e8b465ee728b)
Start importing Assets/Model/FBX/Nave_R3/Materials using Guid(415f65a96cab6fd489d490a5caf50ece) Importer(815301076,1909f56bfc062723c751e8b465ee728b)  -> (artifact id: '8f95f8c5941d8e9259013623fed0f470') in 0.001110 seconds 
========================================================================
Received Import Request.
  Time since last request: 8.399460 seconds.
  path: Assets/Model/FBX/Nave_R3/Nave4.fbx
  artifactKey: Guid(52a9b26bed1c4ad408996de12cb8eb7f) Importer(815301076,1909f56bfc062723c751e8b465ee728b)
Start importing Assets/Model/FBX/Nave_R3/Nave4.fbx using Guid(52a9b26bed1c4ad408996de12cb8eb7f) Importer(815301076,1909f56bfc062723c751e8b465ee728b)  -> (artifact id: '7aaf1805bb26acebb23695e45ff8c875') in 0.209098 seconds 
========================================================================
Received Import Request.
  Time since last request: 0.326250 seconds.
  path: Assets/Model/FBX/Nave_R3/Nave4.fbx
  artifactKey: Guid(52a9b26bed1c4ad408996de12cb8eb7f) Importer(815301076,1909f56bfc062723c751e8b465ee728b)
Start importing Assets/Model/FBX/Nave_R3/Nave4.fbx using Guid(52a9b26bed1c4ad408996de12cb8eb7f) Importer(815301076,1909f56bfc062723c751e8b465ee728b)  -> (artifact id: '9d8118577e18b95b70e89c7983c0b96a') in 0.273750 seconds 
========================================================================
Received Import Request.
  Time since last request: 86.035313 seconds.
  path: Assets/Model/FBX/Nave_R3/Materials/Concrete Floor Bare.mat
  artifactKey: Guid(0aa3c7cc1c36f8441832e1c9b04fc8aa) Importer(815301076,1909f56bfc062723c751e8b465ee728b)
Start importing Assets/Model/FBX/Nave_R3/Materials/Concrete Floor Bare.mat using Guid(0aa3c7cc1c36f8441832e1c9b04fc8aa) Importer(815301076,1909f56bfc062723c751e8b465ee728b)  -> (artifact id: 'd914e5797600c2d5cdb29c42f0158c51') in 0.009880 seconds 
========================================================================
Received Import Request.
  Time since last request: 0.001963 seconds.
  path: Assets/Model/FBX/Nave_R3/Materials/MAT3.mat
  artifactKey: Guid(0726c06921e699c488301bd8d2149d8a) Importer(815301076,1909f56bfc062723c751e8b465ee728b)
Start importing Assets/Model/FBX/Nave_R3/Materials/MAT3.mat using Guid(0726c06921e699c488301bd8d2149d8a) Importer(815301076,1909f56bfc062723c751e8b465ee728b)  -> (artifact id: '56f60156c1418c1136d642d36caa7045') in 0.007147 seconds 
========================================================================
Received Import Request.
  Time since last request: 0.112411 seconds.
  path: Assets/Model/FBX/Nave_R3/Materials/neon BRANCO.mat
  artifactKey: Guid(1a8b5ddc33df9f2498bca765ed6a0dee) Importer(815301076,1909f56bfc062723c751e8b465ee728b)
Start importing Assets/Model/FBX/Nave_R3/Materials/neon BRANCO.mat using Guid(1a8b5ddc33df9f2498bca765ed6a0dee) Importer(815301076,1909f56bfc062723c751e8b465ee728b)  -> (artifact id: '4a39226e32fa9b389082341887bb09d6') in 0.009065 seconds 
========================================================================
Received Import Request.
  Time since last request: 0.000021 seconds.
  path: Assets/Model/FBX/Nave_R3/Materials/neon BRANCO SUve.mat
  artifactKey: Guid(844950c81a0e3d946bea9e5ab3e75742) Importer(815301076,1909f56bfc062723c751e8b465ee728b)
Start importing Assets/Model/FBX/Nave_R3/Materials/neon BRANCO SUve.mat using Guid(844950c81a0e3d946bea9e5ab3e75742) Importer(815301076,1909f56bfc062723c751e8b465ee728b)  -> (artifact id: 'ac9932834759893be3655688d7410a46') in 0.008404 seconds 
========================================================================
Received Import Request.
  Time since last request: 0.000017 seconds.
  path: Assets/Model/FBX/Nave_R3/Materials/Stucco Poised Taupe22.mat
  artifactKey: Guid(e6b46ab8f9f7b6841bab5454293522f6) Importer(815301076,1909f56bfc062723c751e8b465ee728b)
Start importing Assets/Model/FBX/Nave_R3/Materials/Stucco Poised Taupe22.mat using Guid(e6b46ab8f9f7b6841bab5454293522f6) Importer(815301076,1909f56bfc062723c751e8b465ee728b)  -> (artifact id: '383124d9518d043c516c033cb15af455') in 0.006059 seconds 
========================================================================
Received Import Request.
  Time since last request: 0.000023 seconds.
  path: Assets/Model/FBX/Nave_R3/Materials/Stucco Poised Taupe.mat
  artifactKey: Guid(29681213e9a4e1543a4e11a71e010600) Importer(815301076,1909f56bfc062723c751e8b465ee728b)
Start importing Assets/Model/FBX/Nave_R3/Materials/Stucco Poised Taupe.mat using Guid(29681213e9a4e1543a4e11a71e010600) Importer(815301076,1909f56bfc062723c751e8b465ee728b)  -> (artifact id: '7bcc484c7f8b83985e5780dab72c2ca6') in 0.006920 seconds 
========================================================================
Received Import Request.
  Time since last request: 0.000026 seconds.
  path: Assets/Model/FBX/Nave_R3/Materials/Stucco2.mat
  artifactKey: Guid(b9b9081d7c205eb4983917b8711e5405) Importer(815301076,1909f56bfc062723c751e8b465ee728b)
Start importing Assets/Model/FBX/Nave_R3/Materials/Stucco2.mat using Guid(b9b9081d7c205eb4983917b8711e5405) Importer(815301076,1909f56bfc062723c751e8b465ee728b)  -> (artifact id: 'e363fb733b5a616c3ff2a65c05b98164') in 0.008276 seconds 
========================================================================
Received Import Request.
  Time since last request: 0.000026 seconds.
  path: Assets/Model/FBX/Nave_R3/Materials/Wall Paint Black Matte.mat
  artifactKey: Guid(a16aaebc86880c14a9ea93f93f0d3596) Importer(815301076,1909f56bfc062723c751e8b465ee728b)
Start importing Assets/Model/FBX/Nave_R3/Materials/Wall Paint Black Matte.mat using Guid(a16aaebc86880c14a9ea93f93f0d3596) Importer(815301076,1909f56bfc062723c751e8b465ee728b)  -> (artifact id: 'fb9b77e98af8ddd0ecb6fda40f2101d5') in 0.007782 seconds 
Editor requested this worker to shutdown with reason: Scaling down because of idle timeout
AssetImportWorker is now disconnected from the server
Process exiting
Exiting without the bug reporter. Application will terminate with return code 0