Using pre-set license
Built from '2021.2/release' branch; Version is '2021.2.0f1 (4bf1ec4b23c9) revision 4977132'; Using compiler version '192829333'; Build Type 'Release'
OS: 'Windows 10 Home Single Language; OS build 22000.795; Version 2009; 64bit' Language: 'pt' Physical Memory: 16046 MB
BatchMode: 1, IsHumanControllingUs: 0, StartBugReporterOnCrash: 0, Is64bit: 1, IsPro: 0

COMMAND LINE ARGUMENTS:
C:\Program Files\Unity\Hub\Editor\2021.2.0f1\Editor\Unity.exe
-adb2
-batchMode
-noUpm
-name
AssetImportWorker2
-projectPath
E:/15.GitHub/Expo/Expo
-logFile
Logs/AssetImportWorker2.log
-srvPort
61205
Successfully changed project path to: E:/15.GitHub/Expo/Expo
E:/15.GitHub/Expo/Expo
[UnityMemory] Configuration Parameters - Can be set up in boot.config
    "memorysetup-bucket-allocator-granularity=16"
    "memorysetup-bucket-allocator-bucket-count=8"
    "memorysetup-bucket-allocator-block-size=33554432"
    "memorysetup-bucket-allocator-block-count=8"
    "memorysetup-main-allocator-block-size=16777216"
    "memorysetup-thread-allocator-block-size=16777216"
    "memorysetup-gfx-main-allocator-block-size=16777216"
    "memorysetup-gfx-thread-allocator-block-size=16777216"
    "memorysetup-cache-allocator-block-size=4194304"
    "memorysetup-typetree-allocator-block-size=2097152"
    "memorysetup-profiler-bucket-allocator-granularity=16"
    "memorysetup-profiler-bucket-allocator-bucket-count=8"
    "memorysetup-profiler-bucket-allocator-block-size=33554432"
    "memorysetup-profiler-bucket-allocator-block-count=8"
    "memorysetup-profiler-allocator-block-size=16777216"
    "memorysetup-profiler-editor-allocator-block-size=1048576"
    "memorysetup-temp-allocator-size-main=16777216"
    "memorysetup-job-temp-allocator-block-size=2097152"
    "memorysetup-job-temp-allocator-block-size-background=1048576"
    "memorysetup-job-temp-allocator-reduction-small-platforms=262144"
    "memorysetup-temp-allocator-size-background-worker=32768"
    "memorysetup-temp-allocator-size-job-worker=262144"
    "memorysetup-temp-allocator-size-preload-manager=33554432"
    "memorysetup-temp-allocator-size-nav-mesh-worker=65536"
    "memorysetup-temp-allocator-size-audio-worker=65536"
    "memorysetup-temp-allocator-size-cloud-worker=32768"
    "memorysetup-temp-allocator-size-gi-baking-worker=262144"
    "memorysetup-temp-allocator-size-gfx=262144"
Refreshing native plugins compatible for Editor in 94.69 ms, found 3 plugins.
Preloading 0 native plugins for Editor in 0.00 ms.
Initialize engine version: 2021.2.0f1 (4bf1ec4b23c9)
[Subsystems] Discovering subsystems at path C:/Program Files/Unity/Hub/Editor/2021.2.0f1/Editor/Data/Resources/UnitySubsystems
[Subsystems] Discovering subsystems at path E:/15.GitHub/Expo/Expo/Assets
GfxDevice: creating device client; threaded=0; jobified=0
Direct3D:
    Version:  Direct3D 11.0 [level 11.1]
    Renderer: NVIDIA GeForce RTX 3060 (ID=0x2504)
    Vendor:   NVIDIA
    VRAM:     12142 MB
    Driver:   30.0.15.1277
Initialize mono
Mono path[0] = 'C:/Program Files/Unity/Hub/Editor/2021.2.0f1/Editor/Data/Managed'
Mono path[1] = 'C:/Program Files/Unity/Hub/Editor/2021.2.0f1/Editor/Data/MonoBleedingEdge/lib/mono/unityjit-win32'
Mono config path = 'C:/Program Files/Unity/Hub/Editor/2021.2.0f1/Editor/Data/MonoBleedingEdge/etc'
Using monoOptions --debugger-agent=transport=dt_socket,embedding=1,server=y,suspend=n,address=127.0.0.1:56892
Begin MonoManager ReloadAssembly
Registering precompiled unity dll's ...
Register platform support module: C:/Program Files/Unity/Hub/Editor/2021.2.0f1/Editor/Data/PlaybackEngines/WebGLSupport/UnityEditor.WebGL.Extensions.dll
Register platform support module: C:/Program Files/Unity/Hub/Editor/2021.2.0f1/Editor/Data/PlaybackEngines/WindowsStandaloneSupport/UnityEditor.WindowsStandalone.Extensions.dll
Registered in 0.005651 seconds.
Native extension for WindowsStandalone target not found
Native extension for WebGL target not found
Refreshing native plugins compatible for Editor in 81.95 ms, found 3 plugins.
Preloading 0 native plugins for Editor in 0.00 ms.
Mono: successfully reloaded assembly
- Completed reload, in  1.015 seconds
Domain Reload Profiling:
	ReloadAssembly (1015ms)
		BeginReloadAssembly (59ms)
			ExecutionOrderSort (0ms)
			DisableScriptedObjects (0ms)
			BackupInstance (0ms)
			ReleaseScriptingObjects (0ms)
			CreateAndSetChildDomain (1ms)
		EndReloadAssembly (379ms)
			LoadAssemblies (58ms)
			RebuildTransferFunctionScriptingTraits (0ms)
			SetupTypeCache (86ms)
			ReleaseScriptCaches (0ms)
			RebuildScriptCaches (20ms)
			SetupLoadedEditorAssemblies (231ms)
				LogAssemblyErrors (0ms)
				InitializePlatformSupportModulesInManaged (7ms)
				SetLoadedEditorAssemblies (0ms)
				RefreshPlugins (82ms)
				BeforeProcessingInitializeOnLoad (1ms)
				ProcessInitializeOnLoadAttributes (105ms)
				ProcessInitializeOnLoadMethodAttributes (36ms)
				AfterProcessingInitializeOnLoad (0ms)
				EditorAssembliesLoaded (0ms)
			ExecutionOrderSort2 (0ms)
			AwakeInstancesAfterBackupRestoration (0ms)
Platform modules already initialized, skipping
Registering precompiled user dll's ...
Registered in 0.005139 seconds.
Begin MonoManager ReloadAssembly
Symbol file LoadedFromMemory doesn't match image E:\15.GitHub\Expo\Expo\Library\PackageCache\com.unity.visualscripting@1.7.6\Editor\VisualScripting.Core\Dependencies\YamlDotNet\Unity.VisualScripting.YamlDotNet.dll
Symbol file LoadedFromMemory doesn't match image E:\15.GitHub\Expo\Expo\Library\PackageCache\com.unity.visualscripting@1.7.6\Editor\VisualScripting.Core\Dependencies\DotNetZip\Unity.VisualScripting.IonicZip.dll
Native extension for WindowsStandalone target not found
Native extension for WebGL target not found
Refreshing native plugins compatible for Editor in 84.87 ms, found 3 plugins.
Preloading 0 native plugins for Editor in 0.00 ms.
Mono: successfully reloaded assembly
- Completed reload, in  1.538 seconds
Domain Reload Profiling:
	ReloadAssembly (1538ms)
		BeginReloadAssembly (180ms)
			ExecutionOrderSort (0ms)
			DisableScriptedObjects (5ms)
			BackupInstance (0ms)
			ReleaseScriptingObjects (0ms)
			CreateAndSetChildDomain (16ms)
		EndReloadAssembly (1279ms)
			LoadAssemblies (96ms)
			RebuildTransferFunctionScriptingTraits (0ms)
			SetupTypeCache (226ms)
			ReleaseScriptCaches (1ms)
			RebuildScriptCaches (48ms)
			SetupLoadedEditorAssemblies (851ms)
				LogAssemblyErrors (0ms)
				InitializePlatformSupportModulesInManaged (11ms)
				SetLoadedEditorAssemblies (0ms)
				RefreshPlugins (85ms)
				BeforeProcessingInitializeOnLoad (79ms)
				ProcessInitializeOnLoadAttributes (607ms)
				ProcessInitializeOnLoadMethodAttributes (62ms)
				AfterProcessingInitializeOnLoad (6ms)
				EditorAssembliesLoaded (0ms)
			ExecutionOrderSort2 (0ms)
			AwakeInstancesAfterBackupRestoration (5ms)
Platform modules already initialized, skipping
========================================================================
Worker process is ready to serve import requests
Launched and connected shader compiler UnityShaderCompiler.exe after 0.03 seconds
Refreshing native plugins compatible for Editor in 0.70 ms, found 3 plugins.
Preloading 0 native plugins for Editor in 0.00 ms.
Unloading 4917 Unused Serialized files (Serialized files now loaded: 0)
Unloading 32 unused Assets / (0.7 MB). Loaded Objects now: 5388.
Memory consumption went from 209.7 MB to 209.1 MB.
Total: 3.962600 ms (FindLiveObjects: 0.333100 ms CreateObjectMapping: 0.274000 ms MarkObjects: 3.122100 ms  DeleteObjects: 0.232700 ms)

AssetImportParameters requested are different than current active one (requested -> active):
  custom:video-decoder-ogg-theora: a1e56fd34408186e4bbccfd4996cb3dc -> 
  custom:container-muxer-webm: aa71ff27fc2769a1b78a27578f13a17b -> 
  custom:container-demuxer-webm: 4f35f7cbe854078d1ac9338744f61a02 -> 
  custom:video-encoder-webm-vp8: eb34c28f22e8b96e1ab97ce403110664 -> 
  custom:video-codec-MediaFoundation-h265: 746d11721c4dcdbdad8f713fa42b33f4 -> 
  custom:audio-encoder-webm-vorbis: bf7c407c2cedff20999df2af8eb42d56 -> 
  custom:framework-win-MediaFoundation: 216162199b28c13a410421893ffa2e32 -> 
  custom:container-demuxer-ogg: 62fdf1f143b41e24485cea50d1cbac27 -> 
  custom:video-decoder-webm-vp8: 9c59270c3fd7afecdb556c50c9e8de78 -> 
  custom:audio-decoder-ogg-vorbis: bf7c407c2cedff20999df2af8eb42d56 -> 
========================================================================
Received Import Request.
  Time since last request: 2625.325815 seconds.
  path: Assets/Artes/1.Território - João Queiroz/Finais/Utopia/Old/Old_01_U_0BG.mat
  artifactKey: Guid(272caba285d735646a1bb78c96722da4) Importer(815301076,1909f56bfc062723c751e8b465ee728b)
Start importing Assets/Artes/1.Território - João Queiroz/Finais/Utopia/Old/Old_01_U_0BG.mat using Guid(272caba285d735646a1bb78c96722da4) Importer(815301076,1909f56bfc062723c751e8b465ee728b)  -> (artifact id: '3f3301d29879dc326c2a7fd472525d7e') in 0.206219 seconds 
========================================================================
Received Import Request.
  Time since last request: 3.626810 seconds.
  path: Assets/Artes/1.Território - João Queiroz/Finais/Utopia/Old/01_U_2FR.mat
  artifactKey: Guid(d97399e924473a44cb58cce3cbbb8f2e) Importer(815301076,1909f56bfc062723c751e8b465ee728b)
Start importing Assets/Artes/1.Território - João Queiroz/Finais/Utopia/Old/01_U_2FR.mat using Guid(d97399e924473a44cb58cce3cbbb8f2e) Importer(815301076,1909f56bfc062723c751e8b465ee728b)  -> (artifact id: '2abcbc6f55b8c42c4e9af7e5c4024f3c') in 0.023343 seconds 
========================================================================
Received Import Request.
  Time since last request: 1.959213 seconds.
  path: Assets/Artes/1.Território - João Queiroz/Finais/Utopia/Old/Old_01_U_2FR.mat
  artifactKey: Guid(d97399e924473a44cb58cce3cbbb8f2e) Importer(815301076,1909f56bfc062723c751e8b465ee728b)
Start importing Assets/Artes/1.Território - João Queiroz/Finais/Utopia/Old/Old_01_U_2FR.mat using Guid(d97399e924473a44cb58cce3cbbb8f2e) Importer(815301076,1909f56bfc062723c751e8b465ee728b)  -> (artifact id: 'ac75ec43dbfdfe3979e33c982e2708fc') in 0.016883 seconds 
========================================================================
Received Import Request.
  Time since last request: 2.254076 seconds.
  path: Assets/Artes/1.Território - João Queiroz/Finais/Utopia/Old/Old_01_U_1ME.mat
  artifactKey: Guid(4a1dfb96adc4edf4b91adbbaae44e842) Importer(815301076,1909f56bfc062723c751e8b465ee728b)
Start importing Assets/Artes/1.Território - João Queiroz/Finais/Utopia/Old/Old_01_U_1ME.mat using Guid(4a1dfb96adc4edf4b91adbbaae44e842) Importer(815301076,1909f56bfc062723c751e8b465ee728b)  -> (artifact id: '5af627d3d631d89229709da7883ac8ea') in 0.013307 seconds 
========================================================================
Received Import Request.
  Time since last request: 2.978861 seconds.
  path: Assets/Artes/1.Território - João Queiroz/Finais/Utopia/Old/Old_01_U_1ME.mat
  artifactKey: Guid(4a1dfb96adc4edf4b91adbbaae44e842) Importer(815301076,1909f56bfc062723c751e8b465ee728b)
Start importing Assets/Artes/1.Território - João Queiroz/Finais/Utopia/Old/Old_01_U_1ME.mat using Guid(4a1dfb96adc4edf4b91adbbaae44e842) Importer(815301076,1909f56bfc062723c751e8b465ee728b)  -> (artifact id: 'a18026ecf9724388b6fca9c01808891c') in 0.013678 seconds 
========================================================================
Received Import Request.
  Time since last request: 2.555420 seconds.
  path: Assets/Artes/1.Território - João Queiroz/Finais/Utopia/Old/Old_01_U_0BG.mat
  artifactKey: Guid(272caba285d735646a1bb78c96722da4) Importer(815301076,1909f56bfc062723c751e8b465ee728b)
Start importing Assets/Artes/1.Território - João Queiroz/Finais/Utopia/Old/Old_01_U_0BG.mat using Guid(272caba285d735646a1bb78c96722da4) Importer(815301076,1909f56bfc062723c751e8b465ee728b)  -> (artifact id: 'c4029ccf91def21ed693320b3f19598d') in 0.033293 seconds 
========================================================================
Received Import Request.
  Time since last request: 0.991846 seconds.
  path: Assets/Artes/1.Território - João Queiroz/Finais/Utopia/01_U_0BG.mat
  artifactKey: Guid(ed4e1440bdeecad4a85e492c2c1dcc03) Importer(815301076,1909f56bfc062723c751e8b465ee728b)
Start importing Assets/Artes/1.Território - João Queiroz/Finais/Utopia/01_U_0BG.mat using Guid(ed4e1440bdeecad4a85e492c2c1dcc03) Importer(815301076,1909f56bfc062723c751e8b465ee728b)  -> (artifact id: '8c270a3de3c43d5c83ae11df1ac807b3') in 0.013445 seconds 
========================================================================
Received Prepare
Registering precompiled user dll's ...
Registered in 0.005231 seconds.
Begin MonoManager ReloadAssembly
Symbol file LoadedFromMemory doesn't match image E:\15.GitHub\Expo\Expo\Library\PackageCache\com.unity.visualscripting@1.7.6\Editor\VisualScripting.Core\Dependencies\YamlDotNet\Unity.VisualScripting.YamlDotNet.dll
Symbol file LoadedFromMemory doesn't match image E:\15.GitHub\Expo\Expo\Library\PackageCache\com.unity.visualscripting@1.7.6\Editor\VisualScripting.Core\Dependencies\DotNetZip\Unity.VisualScripting.IonicZip.dll
Native extension for WindowsStandalone target not found
Native extension for WebGL target not found
Refreshing native plugins compatible for Editor in 0.77 ms, found 3 plugins.
Preloading 0 native plugins for Editor in 0.00 ms.
Mono: successfully reloaded assembly
- Completed reload, in  1.164 seconds
Domain Reload Profiling:
	ReloadAssembly (1165ms)
		BeginReloadAssembly (140ms)
			ExecutionOrderSort (0ms)
			DisableScriptedObjects (6ms)
			BackupInstance (0ms)
			ReleaseScriptingObjects (0ms)
			CreateAndSetChildDomain (38ms)
		EndReloadAssembly (930ms)
			LoadAssemblies (77ms)
			RebuildTransferFunctionScriptingTraits (0ms)
			SetupTypeCache (240ms)
			ReleaseScriptCaches (1ms)
			RebuildScriptCaches (36ms)
			SetupLoadedEditorAssemblies (433ms)
				LogAssemblyErrors (0ms)
				InitializePlatformSupportModulesInManaged (14ms)
				SetLoadedEditorAssemblies (0ms)
				RefreshPlugins (1ms)
				BeforeProcessingInitializeOnLoad (68ms)
				ProcessInitializeOnLoadAttributes (274ms)
				ProcessInitializeOnLoadMethodAttributes (67ms)
				AfterProcessingInitializeOnLoad (8ms)
				EditorAssembliesLoaded (0ms)
			ExecutionOrderSort2 (0ms)
			AwakeInstancesAfterBackupRestoration (20ms)
Platform modules already initialized, skipping
Refreshing native plugins compatible for Editor in 0.80 ms, found 3 plugins.
Preloading 0 native plugins for Editor in 0.00 ms.
Unloading 4801 Unused Serialized files (Serialized files now loaded: 0)
Unloading 25 unused Assets / (317.5 KB). Loaded Objects now: 5482.
Memory consumption went from 212.6 MB to 212.3 MB.
Total: 3.622100 ms (FindLiveObjects: 0.362500 ms CreateObjectMapping: 0.335700 ms MarkObjects: 2.850600 ms  DeleteObjects: 0.072600 ms)

AssetImportParameters requested are different than current active one (requested -> active):
  custom:video-decoder-ogg-theora: a1e56fd34408186e4bbccfd4996cb3dc -> 
  custom:container-muxer-webm: aa71ff27fc2769a1b78a27578f13a17b -> 
  custom:container-demuxer-webm: 4f35f7cbe854078d1ac9338744f61a02 -> 
  custom:video-encoder-webm-vp8: eb34c28f22e8b96e1ab97ce403110664 -> 
  custom:video-codec-MediaFoundation-h265: 746d11721c4dcdbdad8f713fa42b33f4 -> 
  custom:audio-encoder-webm-vorbis: bf7c407c2cedff20999df2af8eb42d56 -> 
  custom:framework-win-MediaFoundation: 216162199b28c13a410421893ffa2e32 -> 
  custom:container-demuxer-ogg: 62fdf1f143b41e24485cea50d1cbac27 -> 
  custom:video-decoder-webm-vp8: 9c59270c3fd7afecdb556c50c9e8de78 -> 
  custom:audio-decoder-ogg-vorbis: bf7c407c2cedff20999df2af8eb42d56 -> 
========================================================================
Received Prepare
Registering precompiled user dll's ...
Registered in 0.005397 seconds.
Begin MonoManager ReloadAssembly
Symbol file LoadedFromMemory doesn't match image E:\15.GitHub\Expo\Expo\Library\PackageCache\com.unity.visualscripting@1.7.6\Editor\VisualScripting.Core\Dependencies\YamlDotNet\Unity.VisualScripting.YamlDotNet.dll
Symbol file LoadedFromMemory doesn't match image E:\15.GitHub\Expo\Expo\Library\PackageCache\com.unity.visualscripting@1.7.6\Editor\VisualScripting.Core\Dependencies\DotNetZip\Unity.VisualScripting.IonicZip.dll
Native extension for WindowsStandalone target not found
Native extension for WebGL target not found
Refreshing native plugins compatible for Editor in 0.82 ms, found 3 plugins.
Preloading 0 native plugins for Editor in 0.00 ms.
Mono: successfully reloaded assembly
- Completed reload, in  1.058 seconds
Domain Reload Profiling:
	ReloadAssembly (1059ms)
		BeginReloadAssembly (125ms)
			ExecutionOrderSort (0ms)
			DisableScriptedObjects (5ms)
			BackupInstance (0ms)
			ReleaseScriptingObjects (0ms)
			CreateAndSetChildDomain (39ms)
		EndReloadAssembly (855ms)
			LoadAssemblies (68ms)
			RebuildTransferFunctionScriptingTraits (0ms)
			SetupTypeCache (223ms)
			ReleaseScriptCaches (2ms)
			RebuildScriptCaches (35ms)
			SetupLoadedEditorAssemblies (408ms)
				LogAssemblyErrors (0ms)
				InitializePlatformSupportModulesInManaged (11ms)
				SetLoadedEditorAssemblies (0ms)
				RefreshPlugins (1ms)
				BeforeProcessingInitializeOnLoad (61ms)
				ProcessInitializeOnLoadAttributes (269ms)
				ProcessInitializeOnLoadMethodAttributes (58ms)
				AfterProcessingInitializeOnLoad (7ms)
				EditorAssembliesLoaded (0ms)
			ExecutionOrderSort2 (0ms)
			AwakeInstancesAfterBackupRestoration (15ms)
Platform modules already initialized, skipping
Refreshing native plugins compatible for Editor in 1.03 ms, found 3 plugins.
Preloading 0 native plugins for Editor in 0.00 ms.
Unloading 4791 Unused Serialized files (Serialized files now loaded: 0)
Unloading 25 unused Assets / (317.6 KB). Loaded Objects now: 5484.
Memory consumption went from 211.7 MB to 211.4 MB.
Total: 3.693300 ms (FindLiveObjects: 0.707400 ms CreateObjectMapping: 0.562200 ms MarkObjects: 2.343200 ms  DeleteObjects: 0.079600 ms)

AssetImportParameters requested are different than current active one (requested -> active):
  custom:video-decoder-ogg-theora: a1e56fd34408186e4bbccfd4996cb3dc -> 
  custom:container-muxer-webm: aa71ff27fc2769a1b78a27578f13a17b -> 
  custom:container-demuxer-webm: 4f35f7cbe854078d1ac9338744f61a02 -> 
  custom:video-encoder-webm-vp8: eb34c28f22e8b96e1ab97ce403110664 -> 
  custom:video-codec-MediaFoundation-h265: 746d11721c4dcdbdad8f713fa42b33f4 -> 
  custom:audio-encoder-webm-vorbis: bf7c407c2cedff20999df2af8eb42d56 -> 
  custom:framework-win-MediaFoundation: 216162199b28c13a410421893ffa2e32 -> 
  custom:container-demuxer-ogg: 62fdf1f143b41e24485cea50d1cbac27 -> 
  custom:video-decoder-webm-vp8: 9c59270c3fd7afecdb556c50c9e8de78 -> 
  custom:audio-decoder-ogg-vorbis: bf7c407c2cedff20999df2af8eb42d56 -> 
========================================================================
Received Import Request.
  Time since last request: 1264.769505 seconds.
  path: Assets/Artes/1.Território - João Queiroz/Finais/Utopia/01_U_1BG_1.jpg
  artifactKey: Guid(934d1d9baec7bf94b8c48602e1514d69) Importer(815301076,1909f56bfc062723c751e8b465ee728b)
Start importing Assets/Artes/1.Território - João Queiroz/Finais/Utopia/01_U_1BG_1.jpg using Guid(934d1d9baec7bf94b8c48602e1514d69) Importer(815301076,1909f56bfc062723c751e8b465ee728b)  -> (artifact id: '6bd01c84e3f6fca86eda63edfe2e93d9') in 0.074288 seconds 
========================================================================
Received Import Request.
  Time since last request: 0.000022 seconds.
  path: Assets/Artes/1.Território - João Queiroz/Finais/Utopia/01_U_2ME.png
  artifactKey: Guid(0e66dd3ee995eb449acd548ab7e7c63e) Importer(815301076,1909f56bfc062723c751e8b465ee728b)
Start importing Assets/Artes/1.Território - João Queiroz/Finais/Utopia/01_U_2ME.png using Guid(0e66dd3ee995eb449acd548ab7e7c63e) Importer(815301076,1909f56bfc062723c751e8b465ee728b)  -> (artifact id: '05ee8c00ff4925f033f7721cf76a4d43') in 0.017354 seconds 
========================================================================
Received Import Request.
  Time since last request: 3.292575 seconds.
  path: Assets/Artes/1.Território - João Queiroz/Finais/Utopia/01_U_0BG_1.mat
  artifactKey: Guid(ed4e1440bdeecad4a85e492c2c1dcc03) Importer(815301076,1909f56bfc062723c751e8b465ee728b)
Start importing Assets/Artes/1.Território - João Queiroz/Finais/Utopia/01_U_0BG_1.mat using Guid(ed4e1440bdeecad4a85e492c2c1dcc03) Importer(815301076,1909f56bfc062723c751e8b465ee728b)  -> (artifact id: '95644e3e25cf92f7ee91a080a1ebaf96') in 0.128971 seconds 
========================================================================
Received Import Request.
  Time since last request: 0.778437 seconds.
  path: Assets/Artes/1.Território - João Queiroz/Finais/Utopia/01_U_0BG_1 1.mat
  artifactKey: Guid(5f53e7df5904770459234eee97869cd1) Importer(815301076,1909f56bfc062723c751e8b465ee728b)
Start importing Assets/Artes/1.Território - João Queiroz/Finais/Utopia/01_U_0BG_1 1.mat using Guid(5f53e7df5904770459234eee97869cd1) Importer(815301076,1909f56bfc062723c751e8b465ee728b)  -> (artifact id: 'c20f9b32e527093b66a549b1b3055d5e') in 0.007442 seconds 
========================================================================
Received Import Request.
  Time since last request: 2.053714 seconds.
  path: Assets/Artes/1.Território - João Queiroz/Finais/Utopia/01_U_0BG_2.mat
  artifactKey: Guid(5f53e7df5904770459234eee97869cd1) Importer(815301076,1909f56bfc062723c751e8b465ee728b)
Start importing Assets/Artes/1.Território - João Queiroz/Finais/Utopia/01_U_0BG_2.mat using Guid(5f53e7df5904770459234eee97869cd1) Importer(815301076,1909f56bfc062723c751e8b465ee728b)  -> (artifact id: '9de13006199893f3231203aca9350def') in 0.010689 seconds 
========================================================================
Received Import Request.
  Time since last request: 66.719048 seconds.
  path: Assets/Artes/1.Território - João Queiroz/Finais/Utopia/01_U_0BG_1.mat
  artifactKey: Guid(ed4e1440bdeecad4a85e492c2c1dcc03) Importer(815301076,1909f56bfc062723c751e8b465ee728b)
Start importing Assets/Artes/1.Território - João Queiroz/Finais/Utopia/01_U_0BG_1.mat using Guid(ed4e1440bdeecad4a85e492c2c1dcc03) Importer(815301076,1909f56bfc062723c751e8b465ee728b)  -> (artifact id: '30ae3430035290295278e3f05a32e1d7') in 0.007847 seconds 
========================================================================
Received Import Request.
  Time since last request: 0.000018 seconds.
  path: Assets/Artes/1.Território - João Queiroz/Finais/Utopia/01_U_2FR.mat
  artifactKey: Guid(645dabee8491f744aa5b438b2f3af3dd) Importer(815301076,1909f56bfc062723c751e8b465ee728b)
Start importing Assets/Artes/1.Território - João Queiroz/Finais/Utopia/01_U_2FR.mat using Guid(645dabee8491f744aa5b438b2f3af3dd) Importer(815301076,1909f56bfc062723c751e8b465ee728b)  -> (artifact id: '5e1554fea9e1f5ef2b78c2b27af23e0f') in 0.007790 seconds 
========================================================================
Received Import Request.
  Time since last request: 0.000017 seconds.
  path: Assets/Artes/1.Território - João Queiroz/Finais/Utopia/01_U_1ME.mat
  artifactKey: Guid(2036d558b6995f24999e38ccbd8ab070) Importer(815301076,1909f56bfc062723c751e8b465ee728b)
Start importing Assets/Artes/1.Território - João Queiroz/Finais/Utopia/01_U_1ME.mat using Guid(2036d558b6995f24999e38ccbd8ab070) Importer(815301076,1909f56bfc062723c751e8b465ee728b)  -> (artifact id: '4fa92a74021d7788cb6a7dd4075b3257') in 0.007544 seconds 
========================================================================
Received Prepare
Registering precompiled user dll's ...
Registered in 0.005238 seconds.
Begin MonoManager ReloadAssembly
Symbol file LoadedFromMemory doesn't match image E:\15.GitHub\Expo\Expo\Library\PackageCache\com.unity.visualscripting@1.7.6\Editor\VisualScripting.Core\Dependencies\YamlDotNet\Unity.VisualScripting.YamlDotNet.dll
Symbol file LoadedFromMemory doesn't match image E:\15.GitHub\Expo\Expo\Library\PackageCache\com.unity.visualscripting@1.7.6\Editor\VisualScripting.Core\Dependencies\DotNetZip\Unity.VisualScripting.IonicZip.dll
Native extension for WindowsStandalone target not found
Native extension for WebGL target not found
Refreshing native plugins compatible for Editor in 0.75 ms, found 3 plugins.
Preloading 0 native plugins for Editor in 0.00 ms.
Mono: successfully reloaded assembly
- Completed reload, in  1.089 seconds
Domain Reload Profiling:
	ReloadAssembly (1089ms)
		BeginReloadAssembly (121ms)
			ExecutionOrderSort (0ms)
			DisableScriptedObjects (7ms)
			BackupInstance (0ms)
			ReleaseScriptingObjects (0ms)
			CreateAndSetChildDomain (39ms)
		EndReloadAssembly (890ms)
			LoadAssemblies (70ms)
			RebuildTransferFunctionScriptingTraits (0ms)
			SetupTypeCache (222ms)
			ReleaseScriptCaches (2ms)
			RebuildScriptCaches (41ms)
			SetupLoadedEditorAssemblies (412ms)
				LogAssemblyErrors (0ms)
				InitializePlatformSupportModulesInManaged (11ms)
				SetLoadedEditorAssemblies (0ms)
				RefreshPlugins (1ms)
				BeforeProcessingInitializeOnLoad (61ms)
				ProcessInitializeOnLoadAttributes (269ms)
				ProcessInitializeOnLoadMethodAttributes (63ms)
				AfterProcessingInitializeOnLoad (7ms)
				EditorAssembliesLoaded (0ms)
			ExecutionOrderSort2 (0ms)
			AwakeInstancesAfterBackupRestoration (27ms)
Platform modules already initialized, skipping
Refreshing native plugins compatible for Editor in 0.78 ms, found 3 plugins.
Preloading 0 native plugins for Editor in 0.00 ms.
Unloading 4793 Unused Serialized files (Serialized files now loaded: 0)
Unloading 25 unused Assets / (317.5 KB). Loaded Objects now: 5558.
Memory consumption went from 213.7 MB to 213.4 MB.
Total: 3.657400 ms (FindLiveObjects: 0.394300 ms CreateObjectMapping: 0.386800 ms MarkObjects: 2.814100 ms  DeleteObjects: 0.061500 ms)

AssetImportParameters requested are different than current active one (requested -> active):
  custom:video-decoder-ogg-theora: a1e56fd34408186e4bbccfd4996cb3dc -> 
  custom:container-muxer-webm: aa71ff27fc2769a1b78a27578f13a17b -> 
  custom:container-demuxer-webm: 4f35f7cbe854078d1ac9338744f61a02 -> 
  custom:video-encoder-webm-vp8: eb34c28f22e8b96e1ab97ce403110664 -> 
  custom:video-codec-MediaFoundation-h265: 746d11721c4dcdbdad8f713fa42b33f4 -> 
  custom:audio-encoder-webm-vorbis: bf7c407c2cedff20999df2af8eb42d56 -> 
  custom:framework-win-MediaFoundation: 216162199b28c13a410421893ffa2e32 -> 
  custom:container-demuxer-ogg: 62fdf1f143b41e24485cea50d1cbac27 -> 
  custom:video-decoder-webm-vp8: 9c59270c3fd7afecdb556c50c9e8de78 -> 
  custom:audio-decoder-ogg-vorbis: bf7c407c2cedff20999df2af8eb42d56 -> 
========================================================================
Received Import Request.
  Time since last request: 146.266637 seconds.
  path: Assets/Artes/1.Território - João Queiroz/Finais/Utopia/01_U_2FR.mat
  artifactKey: Guid(645dabee8491f744aa5b438b2f3af3dd) Importer(815301076,1909f56bfc062723c751e8b465ee728b)
Start importing Assets/Artes/1.Território - João Queiroz/Finais/Utopia/01_U_2FR.mat using Guid(645dabee8491f744aa5b438b2f3af3dd) Importer(815301076,1909f56bfc062723c751e8b465ee728b)  -> (artifact id: 'd73c00337541d9dae8733c557eea3c32') in 0.174434 seconds 
========================================================================
Received Prepare
Registering precompiled user dll's ...
Registered in 0.005661 seconds.
Begin MonoManager ReloadAssembly
Symbol file LoadedFromMemory doesn't match image E:\15.GitHub\Expo\Expo\Library\PackageCache\com.unity.visualscripting@1.7.6\Editor\VisualScripting.Core\Dependencies\YamlDotNet\Unity.VisualScripting.YamlDotNet.dll
Symbol file LoadedFromMemory doesn't match image E:\15.GitHub\Expo\Expo\Library\PackageCache\com.unity.visualscripting@1.7.6\Editor\VisualScripting.Core\Dependencies\DotNetZip\Unity.VisualScripting.IonicZip.dll
Native extension for WindowsStandalone target not found
Native extension for WebGL target not found
Refreshing native plugins compatible for Editor in 0.75 ms, found 3 plugins.
Preloading 0 native plugins for Editor in 0.00 ms.
Mono: successfully reloaded assembly
- Completed reload, in  1.076 seconds
Domain Reload Profiling:
	ReloadAssembly (1077ms)
		BeginReloadAssembly (112ms)
			ExecutionOrderSort (0ms)
			DisableScriptedObjects (6ms)
			BackupInstance (0ms)
			ReleaseScriptingObjects (0ms)
			CreateAndSetChildDomain (36ms)
		EndReloadAssembly (875ms)
			LoadAssemblies (68ms)
			RebuildTransferFunctionScriptingTraits (0ms)
			SetupTypeCache (216ms)
			ReleaseScriptCaches (2ms)
			RebuildScriptCaches (47ms)
			SetupLoadedEditorAssemblies (405ms)
				LogAssemblyErrors (0ms)
				InitializePlatformSupportModulesInManaged (15ms)
				SetLoadedEditorAssemblies (0ms)
				RefreshPlugins (1ms)
				BeforeProcessingInitializeOnLoad (60ms)
				ProcessInitializeOnLoadAttributes (262ms)
				ProcessInitializeOnLoadMethodAttributes (61ms)
				AfterProcessingInitializeOnLoad (7ms)
				EditorAssembliesLoaded (0ms)
			ExecutionOrderSort2 (0ms)
			AwakeInstancesAfterBackupRestoration (25ms)
Platform modules already initialized, skipping
Refreshing native plugins compatible for Editor in 0.80 ms, found 3 plugins.
Preloading 0 native plugins for Editor in 0.00 ms.
Unloading 4791 Unused Serialized files (Serialized files now loaded: 0)
Unloading 25 unused Assets / (317.5 KB). Loaded Objects now: 5600.
Memory consumption went from 213.7 MB to 213.4 MB.
Total: 3.437600 ms (FindLiveObjects: 0.412300 ms CreateObjectMapping: 0.342700 ms MarkObjects: 2.625000 ms  DeleteObjects: 0.057000 ms)

AssetImportParameters requested are different than current active one (requested -> active):
  custom:video-decoder-ogg-theora: a1e56fd34408186e4bbccfd4996cb3dc -> 
  custom:container-muxer-webm: aa71ff27fc2769a1b78a27578f13a17b -> 
  custom:container-demuxer-webm: 4f35f7cbe854078d1ac9338744f61a02 -> 
  custom:video-encoder-webm-vp8: eb34c28f22e8b96e1ab97ce403110664 -> 
  custom:video-codec-MediaFoundation-h265: 746d11721c4dcdbdad8f713fa42b33f4 -> 
  custom:audio-encoder-webm-vorbis: bf7c407c2cedff20999df2af8eb42d56 -> 
  custom:framework-win-MediaFoundation: 216162199b28c13a410421893ffa2e32 -> 
  custom:container-demuxer-ogg: 62fdf1f143b41e24485cea50d1cbac27 -> 
  custom:video-decoder-webm-vp8: 9c59270c3fd7afecdb556c50c9e8de78 -> 
  custom:audio-decoder-ogg-vorbis: bf7c407c2cedff20999df2af8eb42d56 -> 
========================================================================
Received Prepare
Registering precompiled user dll's ...
Registered in 0.006960 seconds.
Begin MonoManager ReloadAssembly
Symbol file LoadedFromMemory doesn't match image E:\15.GitHub\Expo\Expo\Library\PackageCache\com.unity.visualscripting@1.7.6\Editor\VisualScripting.Core\Dependencies\YamlDotNet\Unity.VisualScripting.YamlDotNet.dll
Symbol file LoadedFromMemory doesn't match image E:\15.GitHub\Expo\Expo\Library\PackageCache\com.unity.visualscripting@1.7.6\Editor\VisualScripting.Core\Dependencies\DotNetZip\Unity.VisualScripting.IonicZip.dll
Native extension for WindowsStandalone target not found
Native extension for WebGL target not found
Refreshing native plugins compatible for Editor in 1.29 ms, found 3 plugins.
Preloading 0 native plugins for Editor in 0.00 ms.
Mono: successfully reloaded assembly
- Completed reload, in  1.102 seconds
Domain Reload Profiling:
	ReloadAssembly (1102ms)
		BeginReloadAssembly (116ms)
			ExecutionOrderSort (0ms)
			DisableScriptedObjects (6ms)
			BackupInstance (0ms)
			ReleaseScriptingObjects (0ms)
			CreateAndSetChildDomain (32ms)
		EndReloadAssembly (900ms)
			LoadAssemblies (75ms)
			RebuildTransferFunctionScriptingTraits (0ms)
			SetupTypeCache (214ms)
			ReleaseScriptCaches (2ms)
			RebuildScriptCaches (43ms)
			SetupLoadedEditorAssemblies (434ms)
				LogAssemblyErrors (0ms)
				InitializePlatformSupportModulesInManaged (12ms)
				SetLoadedEditorAssemblies (0ms)
				RefreshPlugins (1ms)
				BeforeProcessingInitializeOnLoad (63ms)
				ProcessInitializeOnLoadAttributes (291ms)
				ProcessInitializeOnLoadMethodAttributes (59ms)
				AfterProcessingInitializeOnLoad (7ms)
				EditorAssembliesLoaded (0ms)
			ExecutionOrderSort2 (0ms)
			AwakeInstancesAfterBackupRestoration (21ms)
Platform modules already initialized, skipping
Refreshing native plugins compatible for Editor in 0.75 ms, found 3 plugins.
Preloading 0 native plugins for Editor in 0.00 ms.
Unloading 4791 Unused Serialized files (Serialized files now loaded: 0)
Unloading 25 unused Assets / (317.5 KB). Loaded Objects now: 5602.
Memory consumption went from 213.4 MB to 213.1 MB.
Total: 3.217400 ms (FindLiveObjects: 0.398100 ms CreateObjectMapping: 0.375500 ms MarkObjects: 2.384500 ms  DeleteObjects: 0.058500 ms)

AssetImportParameters requested are different than current active one (requested -> active):
  custom:video-decoder-ogg-theora: a1e56fd34408186e4bbccfd4996cb3dc -> 
  custom:container-muxer-webm: aa71ff27fc2769a1b78a27578f13a17b -> 
  custom:container-demuxer-webm: 4f35f7cbe854078d1ac9338744f61a02 -> 
  custom:video-encoder-webm-vp8: eb34c28f22e8b96e1ab97ce403110664 -> 
  custom:video-codec-MediaFoundation-h265: 746d11721c4dcdbdad8f713fa42b33f4 -> 
  custom:audio-encoder-webm-vorbis: bf7c407c2cedff20999df2af8eb42d56 -> 
  custom:framework-win-MediaFoundation: 216162199b28c13a410421893ffa2e32 -> 
  custom:container-demuxer-ogg: 62fdf1f143b41e24485cea50d1cbac27 -> 
  custom:video-decoder-webm-vp8: 9c59270c3fd7afecdb556c50c9e8de78 -> 
  custom:audio-decoder-ogg-vorbis: bf7c407c2cedff20999df2af8eb42d56 -> 
